Time resolution is 1 ps
2348875777
2348941314
2349006851
2147483648
2147483648
   2230304
2147483648
2147483648
2147483648
   2295840
2147483648
2147483648
2147483648
   2164768
2147483648
2147483648
2147483648
2147483648
   2099232
2147483648
2147483648
2147483648
2147483648
2147483648
         0
         1
         2
         3
         4
         5
$finish called at time : 270 ns : File "C:/Users/mauri/Desktop/ECE/ECE 4300/MIPS_Processor/MIPS_Processor.srcs/sim_1/new/PIPELINE_tb.v" Line 89
